
/home/runner/work/exp-radiation-shield-wall-iitb/exp-radiation-shield-wall-iitb/experiment/simulation/common_libraries/js/ts_components/collapse_step.js
   1:10  warning  'show_step' is defined but never used                 no-unused-vars
   2:5   warning  '$' is not defined                                    no-undef
   3:9   warning  '$' is not defined                                    no-undef
   6:10  warning  'hide_step' is defined but never used                 no-unused-vars
   7:5   warning  '$' is not defined                                    no-undef
   8:9   warning  '$' is not defined                                    no-undef
  11:10  warning  'get_collapse_btn_text' is defined but never used     no-unused-vars
  20:10  warning  'get_collapse_btn_element' is defined but never used  no-unused-vars
  29:10  warning  'hide_all_steps' is defined but never used            no-unused-vars
  31:9   warning  '$' is not defined                                    no-undef

/home/runner/work/exp-radiation-shield-wall-iitb/exp-radiation-shield-wall-iitb/experiment/simulation/common_libraries/js/ts_components/matrix.js
   27:26  warning  'MathJax' is not defined                                no-undef
   32:7   warning  'Matrix_Without_String' is defined but never used       no-unused-vars
   52:26  warning  'MathJax' is not defined                                no-undef
   56:10  warning  'get_matrix_html' is defined but never used             no-unused-vars
   87:13  warning  'row_html' is assigned a value but never used           no-unused-vars
   99:10  warning  'get_matrix_html_with_title' is defined but never used  no-unused-vars
  131:13  warning  'row_html' is assigned a value but never used           no-unused-vars
  143:10  warning  'convert_2d_to_1d_vector' is defined but never used     no-unused-vars
  156:10  warning  'convert_1d_to_2d_matrix' is defined but never used     no-unused-vars

/home/runner/work/exp-radiation-shield-wall-iitb/exp-radiation-shield-wall-iitb/experiment/simulation/common_libraries/js/ts_components/pannel.js
  8:7  warning  'Pannel' is defined but never used  no-unused-vars

/home/runner/work/exp-radiation-shield-wall-iitb/exp-radiation-shield-wall-iitb/experiment/simulation/common_libraries/js/ts_components/questions.js
   6:17  warning  'op1' is assigned a value but never used      no-unused-vars
   7:17  warning  'op2' is assigned a value but never used      no-unused-vars
   8:17  warning  'op3' is assigned a value but never used      no-unused-vars
   9:17  warning  'op4' is assigned a value but never used      no-unused-vars
  94:7   warning  'Question_Options' is defined but never used  no-unused-vars

/home/runner/work/exp-radiation-shield-wall-iitb/exp-radiation-shield-wall-iitb/experiment/simulation/common_libraries/js/ts_components/tables.js
   19:22  warning  'verify_values' is not defined                                     no-undef
  137:22  warning  'verify_values' is not defined                                     no-undef
  260:7   warning  'Verify_Rows_Cols_6_decimal_places' is defined but never used      no-unused-vars
  311:22  warning  'verify_values' is not defined                                     no-undef
  416:7   warning  'Verify_Rows_Cols_Custom_Fixed_Update1' is defined but never used  no-unused-vars
  468:7   warning  'Show_Table_Custom_Fixed' is defined but never used                no-unused-vars
  506:7   warning  'Verify_Rows_Cols_Strings' is defined but never used               no-unused-vars
  527:22  warning  'verify_values' is not defined                                     no-undef
  663:7   warning  'Display_Table' is defined but never used                          no-unused-vars

/home/runner/work/exp-radiation-shield-wall-iitb/exp-radiation-shield-wall-iitb/experiment/simulation/common_libraries/js/ts_math_library/general_math_functions.js
    1:10  warning  'verify_values' is defined but never used                   no-unused-vars
   17:10  warning  'random1' is defined but never used                         no-unused-vars
   21:10  warning  'std_deviation' is defined but never used                   no-unused-vars
   26:10  warning  'gauss' is defined but never used                           no-unused-vars
   56:10  warning  'hide_panel' is defined but never used                      no-unused-vars
   63:10  warning  'inverse_matrix' is defined but never used                  no-unused-vars
   96:10  warning  'matrix_multiplication' is defined but never used           no-unused-vars
  113:10  warning  'transpose_matrix' is defined but never used                no-unused-vars
  123:10  warning  'matrix_multiplication_8decimal' is defined but never used  no-unused-vars
  140:10  warning  'adjoint_2x2_matrix' is defined but never used              no-unused-vars
  145:10  warning  'find_deteminant' is defined but never used                 no-unused-vars
  174:10  warning  'get_Submatrix' is defined but never used                   no-unused-vars

/home/runner/work/exp-radiation-shield-wall-iitb/exp-radiation-shield-wall-iitb/experiment/simulation/common_libraries/js/ts_math_library/regression.js
   1:10  warning  'regression_linear' is defined but never used            no-unused-vars
  18:10  warning  'regression_linear_1variable' is defined but never used  no-unused-vars
  27:10  warning  'regression_linear_2variable' is defined but never used  no-unused-vars
  52:11  warning  'gauss' is not defined                                   no-undef

/home/runner/work/exp-radiation-shield-wall-iitb/exp-radiation-shield-wall-iitb/experiment/simulation/common_libraries/math.ob.js
  1:745  warning  'b' is already defined  no-redeclare

/home/runner/work/exp-radiation-shield-wall-iitb/exp-radiation-shield-wall-iitb/experiment/simulation/js/activity1.js
   19:24   warning  'MathJax' is not defined                      no-undef
   22:10   warning  'start_act1' is defined but never used        no-unused-vars
   27:20   warning  'get_collapse_btn_text' is not defined        no-undef
   32:144  warning  'act1_eps1' is not defined                    no-undef
   32:178  warning  'act1_t1_val' is not defined                  no-undef
   32:245  warning  'act1_eps2' is not defined                    no-undef
   32:276  warning  'act1_t2_val' is not defined                  no-undef
   32:345  warning  'act1_eps3' is not defined                    no-undef
   87:5    warning  'hide_all_steps' is not defined               no-undef
   88:24   warning  'show_step' is not defined                    no-undef
   89:24   warning  'MathJax' is not defined                      no-undef
   93:5    warning  'act1_ecal' is not defined                    no-undef
   93:22   warning  'act1_eps1' is not defined                    no-undef
   93:40   warning  'act1_eps2' is not defined                    no-undef
   94:5    warning  'act1_ecal_1' is not defined                  no-undef
   94:24   warning  'act1_eps1' is not defined                    no-undef
   94:42   warning  'act1_eps3' is not defined                    no-undef
   95:5    warning  'act1_qaw' is not defined                     no-undef
   95:16   warning  'sigma' is not defined                        no-undef
   95:34   warning  'act1_t1' is not defined                      no-undef
   95:57   warning  'act1_t2' is not defined                      no-undef
   95:72   warning  'act1_ecal' is not defined                    no-undef
   96:5    warning  'act1_qas' is not defined                     no-undef
   96:16   warning  'sigma' is not defined                        no-undef
   96:34   warning  'act1_t1' is not defined                      no-undef
   96:57   warning  'act1_t2' is not defined                      no-undef
   96:73   warning  'act1_ecal' is not defined                    no-undef
   96:90   warning  'act1_eps3' is not defined                    no-undef
   97:5    warning  'act1_redt_per' is not defined                no-undef
   97:23   warning  'act1_qaw' is not defined                     no-undef
   97:34   warning  'act1_qas' is not defined                     no-undef
   97:46   warning  'act1_qaw' is not defined                     no-undef
   98:5    warning  'act1_t3' is not defined                      no-undef
   98:27   warning  'act1_qas' is not defined                     no-undef
   98:38   warning  'act1_ecal_1' is not defined                  no-undef
   98:53   warning  'sigma' is not defined                        no-undef
   98:70   warning  'act1_t1' is not defined                      no-undef
   99:33   warning  'sigma' is not defined                        no-undef
  100:32   warning  'act1_ecal' is not defined                    no-undef
  101:31   warning  'act1_qaw' is not defined                     no-undef
  102:31   warning  'act1_qas' is not defined                     no-undef
  103:48   warning  'act1_redt_per' is not defined                no-undef
  104:30   warning  'act1_t3' is not defined                      no-undef
  106:10   warning  'verify_act1_qaw' is defined but never used   no-unused-vars
  111:10   warning  'verify_values' is not defined                no-undef
  111:82   warning  'act1_qaw' is not defined                     no-undef
  117:25   warning  'act1_qaw' is not defined                     no-undef
  120:10   warning  'verify_act1_qas' is defined but never used   no-unused-vars
  125:10   warning  'verify_values' is not defined                no-undef
  125:82   warning  'act1_qas' is not defined                     no-undef
  131:25   warning  'act1_qas' is not defined                     no-undef
  134:10   warning  'verify_act1_redc' is defined but never used  no-unused-vars
  139:10   warning  'verify_values' is not defined                no-undef
  139:82   warning  'act1_redt_per' is not defined                no-undef
  145:25   warning  'act1_redt_per' is not defined                no-undef
  148:10   warning  'verify_act1_t3' is defined but never used    no-unused-vars
  152:10   warning  'verify_values' is not defined                no-undef
  152:82   warning  'act1_t3' is not defined                      no-undef
  158:25   warning  'act1_t3' is not defined                      no-undef
  159:5    warning  'activity2' is not defined                    no-undef

/home/runner/work/exp-radiation-shield-wall-iitb/exp-radiation-shield-wall-iitb/experiment/simulation/js/activity2.js
    1:10   warning  'activity2' is defined but never used         no-unused-vars
   16:5    warning  'maindiv' is not defined                      no-undef
   17:24   warning  'MathJax' is not defined                      no-undef
   19:10   warning  'start_act2' is defined but never used        no-unused-vars
   24:20   warning  'get_collapse_btn_text' is not defined        no-undef
   29:60   warning  'act2_ta_val' is not defined                  no-undef
   29:94   warning  'act2_tb_val' is not defined                  no-undef
   29:145  warning  'act2_epsa' is not defined                    no-undef
   29:162  warning  'act2_epsb' is not defined                    no-undef
   29:246  warning  'act2_epsc' is not defined                    no-undef
   29:265  warning  'act2_epsd' is not defined                    no-undef
   78:5    warning  'maindiv' is not defined                      no-undef
   80:24   warning  'show_step' is not defined                    no-undef
   81:24   warning  'MathJax' is not defined                      no-undef
   86:24   warning  'Question_Options' is not defined             no-undef
   93:9    warning  'MathJax' is not defined                      no-undef
   97:5    warning  'act2_qa' is not defined                      no-undef
   97:16   warning  'sigma' is not defined                        no-undef
   97:34   warning  'act2_ta_val' is not defined                  no-undef
   97:61   warning  'act2_tb_val' is not defined                  no-undef
   97:88   warning  'act2_epsa' is not defined                    no-undef
   97:106  warning  'act2_epsb' is not defined                    no-undef
   97:130  warning  'act2_epsc' is not defined                    no-undef
   97:154  warning  'act2_epsd' is not defined                    no-undef
   98:5    warning  'act2_tc' is not defined                      no-undef
   98:28   warning  'act2_qa' is not defined                      no-undef
   98:44   warning  'act2_epsa' is not defined                    no-undef
   98:62   warning  'act2_epsc' is not defined                    no-undef
   98:81   warning  'sigma' is not defined                        no-undef
   98:99   warning  'act2_ta_val' is not defined                  no-undef
   99:5    warning  'act2_td' is not defined                      no-undef
   99:27   warning  'act2_qa' is not defined                      no-undef
   99:43   warning  'act2_epsd' is not defined                    no-undef
   99:61   warning  'act2_epsb' is not defined                    no-undef
   99:80   warning  'sigma' is not defined                        no-undef
   99:98   warning  'act2_tb_val' is not defined                  no-undef
  100:31   warning  'act2_qa' is not defined                      no-undef
  101:30   warning  'act2_tc' is not defined                      no-undef
  102:30   warning  'act2_td' is not defined                      no-undef
  108:10   warning  'verify_act2_qa' is defined but never used    no-unused-vars
  113:10   warning  'verify_values' is not defined                no-undef
  113:83   warning  'act2_qa' is not defined                      no-undef
  119:26   warning  'act2_qa' is not defined                      no-undef
  122:10   warning  'verify_act2_surc' is defined but never used  no-unused-vars
  127:10   warning  'verify_values' is not defined                no-undef
  127:83   warning  'act2_tc' is not defined                      no-undef
  133:26   warning  'act2_tc' is not defined                      no-undef
  136:10   warning  'verify_act2_surb' is defined but never used  no-unused-vars
  140:10   warning  'verify_values' is not defined                no-undef
  140:82   warning  'act2_td' is not defined                      no-undef
  146:25   warning  'act2_td' is not defined                      no-undef

/home/runner/work/exp-radiation-shield-wall-iitb/exp-radiation-shield-wall-iitb/experiment/simulation/js/data.js
   2:5  warning  'sigma' is assigned a value but never used          no-unused-vars
   4:5  warning  'act1_eps1' is assigned a value but never used      no-unused-vars
   5:5  warning  'act1_eps2' is assigned a value but never used      no-unused-vars
   6:5  warning  'act1_eps3' is assigned a value but never used      no-unused-vars
   8:5  warning  'act1_t1' is assigned a value but never used        no-unused-vars
  10:5  warning  'act1_t2' is assigned a value but never used        no-unused-vars
  11:5  warning  'act1_qaw' is assigned a value but never used       no-unused-vars
  12:5  warning  'act1_qas' is assigned a value but never used       no-unused-vars
  13:5  warning  'act1_redt_per' is assigned a value but never used  no-unused-vars
  14:5  warning  'act1_t3' is assigned a value but never used        no-unused-vars
  15:5  warning  'act1_ecal' is assigned a value but never used      no-unused-vars
  16:5  warning  'act1_ecal_1' is assigned a value but never used    no-unused-vars
  18:5  warning  'act2_epsa' is assigned a value but never used      no-unused-vars
  19:5  warning  'act2_epsb' is assigned a value but never used      no-unused-vars
  20:5  warning  'act2_epsc' is assigned a value but never used      no-unused-vars
  21:5  warning  'act2_epsd' is assigned a value but never used      no-unused-vars
  23:5  warning  'act2_ta' is assigned a value but never used        no-unused-vars
  25:5  warning  'act2_tb' is assigned a value but never used        no-unused-vars
  26:5  warning  'act2_qa' is assigned a value but never used        no-unused-vars
  27:5  warning  'act2_tc' is assigned a value but never used        no-unused-vars
  28:5  warning  'act2_td' is assigned a value but never used        no-unused-vars

✖ 183 problems (0 errors, 183 warnings)

